2025-01-31 18:42:23,221 - WARNING - No valid frames extracted from /Volumes/BigBoy/portugal trip 2025/1-13-2025/11 AM/DJI_0930.MP4
2025-01-31 18:42:33,612 - WARNING - No valid frames extracted from /Volumes/BigBoy/portugal trip 2025/1-13-2025/11 AM/DJI_0919.MP4
2025-01-31 18:42:36,825 - WARNING - No valid frames extracted from /Volumes/BigBoy/portugal trip 2025/1-13-2025/11 AM/DJI_0989.MP4
2025-01-31 18:42:38,878 - WARNING - No valid frames extracted from /Volumes/BigBoy/portugal trip 2025/1-13-2025/3 PM/DJI_0115.MP4
2025-01-31 18:43:59,810 - WARNING - No valid frames extracted from /Volumes/BigBoy/portugal trip 2025/1-13-2025/11 AM/DJI_0930.MP4
2025-01-31 18:44:11,336 - WARNING - No valid frames extracted from /Volumes/BigBoy/portugal trip 2025/1-13-2025/11 AM/DJI_0919.MP4
2025-01-31 18:44:14,631 - WARNING - No valid frames extracted from /Volumes/BigBoy/portugal trip 2025/1-13-2025/11 AM/DJI_0989.MP4
2025-01-31 18:44:16,943 - WARNING - No valid frames extracted from /Volumes/BigBoy/portugal trip 2025/1-13-2025/3 PM/DJI_0115.MP4
2025-01-31 18:45:14,207 - WARNING - No valid frames extracted from /Volumes/BigBoy/portugal trip 2025/1-13-2025/11 AM/DJI_0930.MP4
2025-01-31 18:45:24,066 - WARNING - No valid frames extracted from /Volumes/BigBoy/portugal trip 2025/1-13-2025/11 AM/DJI_0919.MP4
2025-01-31 18:45:27,190 - WARNING - No valid frames extracted from /Volumes/BigBoy/portugal trip 2025/1-13-2025/11 AM/DJI_0989.MP4
2025-01-31 18:45:29,563 - WARNING - No valid frames extracted from /Volumes/BigBoy/portugal trip 2025/1-13-2025/3 PM/DJI_0115.MP4
2025-01-31 18:45:29,565 - WARNING - No valid visual features extracted, skipping clustering.
2025-01-31 18:47:09,557 - WARNING - Large file found, processing: /Volumes/BigBoy/portugal trip 2025/1-28-2025/9 AM/DJI_0432.MP4
2025-01-31 18:47:19,080 - WARNING - Large file found, processing: /Volumes/BigBoy/portugal trip 2025/1-28-2025/1 AM/DJI_0677.MP4
2025-01-31 18:47:35,826 - WARNING - Large file found, processing: /Volumes/BigBoy/portugal trip 2025/1-28-2025/10 AM/IMG_0348.MOV
2025-01-31 18:47:48,114 - WARNING - Large file found, processing: /Volumes/BigBoy/portugal trip 2025/1-28-2025/10 AM/DJI_0431.MP4
2025-01-31 18:47:51,292 - WARNING - Large file found, processing: /Volumes/BigBoy/portugal trip 2025/1-28-2025/11 AM/DJI_0507.MP4
2025-01-31 18:48:42,354 - WARNING - Large file found, processing: /Volumes/BigBoy/portugal trip 2025/1-28-2025/9 AM/DJI_0432.MP4
2025-01-31 18:48:48,051 - WARNING - Large file found, processing: /Volumes/BigBoy/portugal trip 2025/1-28-2025/1 AM/DJI_0677.MP4
2025-01-31 18:49:04,921 - WARNING - Large file found, processing: /Volumes/BigBoy/portugal trip 2025/1-28-2025/10 AM/IMG_0348.MOV
2025-01-31 18:49:17,208 - WARNING - Large file found, processing: /Volumes/BigBoy/portugal trip 2025/1-28-2025/10 AM/DJI_0431.MP4
2025-01-31 18:49:20,353 - WARNING - Large file found, processing: /Volumes/BigBoy/portugal trip 2025/1-28-2025/11 AM/DJI_0507.MP4
2025-01-31 18:49:25,614 - WARNING - Large file found, processing: /Volumes/BigBoy/portugal trip 2025/1-28-2025/11 AM/DJI_0432.MP4
2025-01-31 18:49:45,882 - WARNING - Large file found, processing: /Volumes/BigBoy/portugal trip 2025/1-28-2025/11 AM/DJI_0539.MP4
2025-01-31 18:49:50,727 - WARNING - Large file found, processing: /Volumes/BigBoy/portugal trip 2025/1-28-2025/12 PM/DJI_0549.MP4
2025-01-31 18:49:56,719 - WARNING - Large file found, processing: /Volumes/BigBoy/portugal trip 2025/1-27-2025/7 AM/DJI_0603.MP4
2025-01-31 18:50:26,184 - WARNING - Large file found, processing: /Volumes/BigBoy/portugal trip 2025/1-27-2025/7 AM/DJI_0031-3.MP4
2025-01-31 18:50:36,934 - WARNING - Large file found, processing: /Volumes/BigBoy/portugal trip 2025/1-27-2025/7 AM/DJI_0604.MP4
2025-01-31 18:50:48,832 - WARNING - Large file found, processing: /Volumes/BigBoy/portugal trip 2025/1-27-2025/7 AM/DJI_0624.MP4
2025-01-31 18:50:58,297 - WARNING - Large file found, processing: /Volumes/BigBoy/portugal trip 2025/1-27-2025/7 AM/DJI_0625.MP4
2025-01-31 18:51:03,975 - WARNING - Large file found, processing: /Volumes/BigBoy/portugal trip 2025/1-27-2025/7 AM/DJI_0626.MP4
2025-01-31 18:51:07,387 - WARNING - Large file found, processing: /Volumes/BigBoy/portugal trip 2025/1-27-2025/7 AM/DJI_0627.MP4
2025-01-31 18:51:30,231 - WARNING - Large file found, processing: /Volumes/BigBoy/portugal trip 2025/1-27-2025/7 AM/DJI_0628.MP4
2025-01-31 18:51:54,059 - WARNING - Large file found, processing: /Volumes/BigBoy/portugal trip 2025/1-27-2025/7 AM/DJI_0635.MP4
2025-01-31 18:52:03,785 - WARNING - Large file found, processing: /Volumes/BigBoy/portugal trip 2025/1-27-2025/7 AM/DJI_0639.MP4
2025-01-31 18:52:14,361 - WARNING - Large file found, processing: /Volumes/BigBoy/portugal trip 2025/1-27-2025/7 AM/DJI_0685.MP4
2025-01-31 18:52:19,095 - WARNING - Large file found, processing: /Volumes/BigBoy/portugal trip 2025/1-27-2025/7 AM/DJI_0686.MP4
2025-01-31 18:52:59,606 - WARNING - Large file found, processing: /Volumes/BigBoy/portugal trip 2025/1-27-2025/12 PM/DJI_0161.MP4
2025-01-31 18:53:03,693 - WARNING - Large file found, processing: /Volumes/BigBoy/portugal trip 2025/1-27-2025/12 PM/DJI_0163.MP4
2025-01-31 18:53:13,622 - WARNING - Large file found, processing: /Volumes/BigBoy/portugal trip 2025/1-27-2025/12 PM/DJI_0166.MP4
2025-01-31 18:53:17,814 - WARNING - Large file found, processing: /Volumes/BigBoy/portugal trip 2025/1-27-2025/12 PM/DJI_0180.MP4
2025-01-31 18:53:23,090 - WARNING - Large file found, processing: /Volumes/BigBoy/portugal trip 2025/1-27-2025/12 PM/DJI_0181.MP4
2025-01-31 18:53:46,867 - WARNING - Large file found, processing: /Volumes/BigBoy/portugal trip 2025/1-27-2025/12 PM/DJI_0235.MP4
2025-01-31 18:53:49,758 - WARNING - Large file found, processing: /Volumes/BigBoy/portugal trip 2025/1-27-2025/12 PM/DJI_0236.MP4
2025-01-31 18:54:12,508 - WARNING - Large file found, processing: /Volumes/BigBoy/portugal trip 2025/1-27-2025/12 PM/DJI_0278.MP4
2025-01-31 18:54:17,315 - WARNING - Large file found, processing: /Volumes/BigBoy/portugal trip 2025/1-27-2025/2 PM/DJI_0547.MP4
2025-01-31 18:54:23,677 - WARNING - Large file found, processing: /Volumes/BigBoy/portugal trip 2025/1-27-2025/2 PM/DJI_0548.MP4
2025-01-31 18:54:37,692 - WARNING - Large file found, processing: /Volumes/BigBoy/portugal trip 2025/1-27-2025/2 PM/DJI_0549.MP4
2025-01-31 18:54:43,517 - WARNING - Large file found, processing: /Volumes/BigBoy/portugal trip 2025/1-27-2025/2 PM/DJI_0550.MP4
2025-01-31 18:54:58,276 - WARNING - Large file found, processing: /Volumes/BigBoy/portugal trip 2025/1-27-2025/8 AM/DJI_0755.MP4
2025-01-31 18:55:05,053 - WARNING - Large file found, processing: /Volumes/BigBoy/portugal trip 2025/1-27-2025/8 AM/DJI_0688.MP4
2025-01-31 18:55:12,025 - WARNING - Large file found, processing: /Volumes/BigBoy/portugal trip 2025/1-27-2025/8 AM/DJI_0713-1.MP4
2025-01-31 18:55:23,949 - WARNING - Large file found, processing: /Volumes/BigBoy/portugal trip 2025/1-27-2025/8 AM/DJI_0715.MP4
2025-01-31 18:55:32,138 - WARNING - Large file found, processing: /Volumes/BigBoy/portugal trip 2025/1-27-2025/8 AM/DJI_0748.MP4
2025-01-31 18:55:52,988 - WARNING - Large file found, processing: /Volumes/BigBoy/portugal trip 2025/1-27-2025/8 AM/DJI_0749.MP4
2025-01-31 18:55:56,997 - WARNING - Large file found, processing: /Volumes/BigBoy/portugal trip 2025/1-27-2025/8 AM/DJI_0750.MP4
2025-01-31 18:56:07,288 - WARNING - Large file found, processing: /Volumes/BigBoy/portugal trip 2025/1-27-2025/8 AM/DJI_0770-1.MP4
2025-01-31 18:56:12,909 - WARNING - Large file found, processing: /Volumes/BigBoy/portugal trip 2025/1-27-2025/8 AM/DJI_0794.MP4
2025-01-31 18:56:20,160 - WARNING - Large file found, processing: /Volumes/BigBoy/portugal trip 2025/1-27-2025/8 AM/DJI_0796.MP4
2025-01-31 18:56:23,462 - WARNING - Large file found, processing: /Volumes/BigBoy/portugal trip 2025/1-27-2025/8 AM/DJI_0800.MP4
2025-01-31 18:56:26,565 - WARNING - Large file found, processing: /Volumes/BigBoy/portugal trip 2025/1-27-2025/8 AM/DJI_0844.MP4
2025-01-31 18:56:46,696 - WARNING - Large file found, processing: /Volumes/BigBoy/portugal trip 2025/1-27-2025/8 AM/DJI_0845.MP4
2025-01-31 18:57:09,507 - WARNING - Large file found, processing: /Volumes/BigBoy/portugal trip 2025/1-27-2025/9 AM/DJI_0846.MP4
2025-01-31 18:57:19,559 - WARNING - Large file found, processing: /Volumes/BigBoy/portugal trip 2025/1-27-2025/9 AM/DJI_0868.MP4
2025-01-31 18:57:33,722 - WARNING - Large file found, processing: /Volumes/BigBoy/portugal trip 2025/1-27-2025/9 AM/DJI_0896.MP4
2025-01-31 18:57:41,126 - WARNING - Large file found, processing: /Volumes/BigBoy/portugal trip 2025/1-27-2025/9 AM/DJI_0790-1.MP4
2025-01-31 18:57:55,207 - WARNING - Large file found, processing: /Volumes/BigBoy/portugal trip 2025/1-27-2025/10 AM/DJI_0756-1.MP4
2025-01-31 18:58:00,073 - WARNING - Large file found, processing: /Volumes/BigBoy/portugal trip 2025/1-27-2025/10 AM/DJI_0757-1.MP4
2025-01-31 18:58:08,423 - WARNING - Large file found, processing: /Volumes/BigBoy/portugal trip 2025/1-27-2025/10 AM/DJI_0809.MP4
2025-01-31 18:58:16,302 - WARNING - Large file found, processing: /Volumes/BigBoy/portugal trip 2025/1-27-2025/10 AM/DJI_0791-1.MP4
2025-01-31 18:58:20,586 - WARNING - Large file found, processing: /Volumes/BigBoy/portugal trip 2025/1-27-2025/10 AM/DJI_0807.MP4
2025-01-31 18:58:28,307 - WARNING - Large file found, processing: /Volumes/BigBoy/portugal trip 2025/1-27-2025/10 AM/DJI_0553.MP4
2025-01-31 18:58:35,627 - WARNING - Large file found, processing: /Volumes/BigBoy/portugal trip 2025/1-27-2025/10 AM/DJI_0554.MP4
2025-01-31 18:58:43,285 - WARNING - Large file found, processing: /Volumes/BigBoy/portugal trip 2025/1-27-2025/10 AM/DJI_0555.MP4
2025-01-31 18:58:47,857 - WARNING - Large file found, processing: /Volumes/BigBoy/portugal trip 2025/1-27-2025/10 AM/DJI_0593.MP4
2025-01-31 18:58:53,989 - WARNING - Large file found, processing: /Volumes/BigBoy/portugal trip 2025/1-27-2025/10 AM/DJI_0901.MP4
2025-01-31 18:58:57,187 - WARNING - Large file found, processing: /Volumes/BigBoy/portugal trip 2025/1-27-2025/10 AM/DJI_0902.MP4
2025-01-31 18:59:01,675 - WARNING - Large file found, processing: /Volumes/BigBoy/portugal trip 2025/1-27-2025/10 AM/DJI_0594.MP4
2025-01-31 18:59:05,749 - WARNING - Large file found, processing: /Volumes/BigBoy/portugal trip 2025/1-27-2025/10 AM/DJI_0594-1.MP4
2025-01-31 18:59:12,475 - WARNING - Large file found, processing: /Volumes/BigBoy/portugal trip 2025/1-27-2025/10 AM/DJI_0911.MP4
2025-01-31 18:59:16,262 - WARNING - Large file found, processing: /Volumes/BigBoy/portugal trip 2025/1-27-2025/10 AM/DJI_0912.MP4
2025-01-31 18:59:21,456 - WARNING - Large file found, processing: /Volumes/BigBoy/portugal trip 2025/1-27-2025/10 AM/DJI_0913.MP4
2025-01-31 18:59:44,587 - WARNING - Large file found, processing: /Volumes/BigBoy/portugal trip 2025/1-27-2025/10 AM/DJI_0914.MP4
2025-01-31 18:59:51,656 - WARNING - Large file found, processing: /Volumes/BigBoy/portugal trip 2025/1-27-2025/10 AM/DJI_0922.MP4
2025-01-31 18:59:55,911 - WARNING - Large file found, processing: /Volumes/BigBoy/portugal trip 2025/1-27-2025/11 AM/DJI_0927.MP4
2025-01-31 19:00:00,851 - WARNING - Large file found, processing: /Volumes/BigBoy/portugal trip 2025/1-27-2025/11 AM/DJI_0932.MP4
2025-01-31 19:00:04,300 - WARNING - Large file found, processing: /Volumes/BigBoy/portugal trip 2025/1-27-2025/11 AM/DJI_0933.MP4
2025-01-31 19:00:10,164 - WARNING - Large file found, processing: /Volumes/BigBoy/portugal trip 2025/1-27-2025/11 AM/DJI_0935.MP4
2025-01-31 19:00:26,905 - WARNING - Large file found, processing: /Volumes/BigBoy/portugal trip 2025/1-27-2025/11 AM/DJI_0936.MP4
2025-01-31 19:00:32,795 - WARNING - Large file found, processing: /Volumes/BigBoy/portugal trip 2025/1-27-2025/11 AM/DJI_0958.MP4
2025-01-31 19:00:36,417 - WARNING - Large file found, processing: /Volumes/BigBoy/portugal trip 2025/1-27-2025/11 AM/DJI_0959-2.MP4
2025-01-31 19:00:41,743 - WARNING - Large file found, processing: /Volumes/BigBoy/portugal trip 2025/1-27-2025/11 AM/DJI_0964.MP4
2025-01-31 19:00:51,862 - WARNING - Large file found, processing: /Volumes/BigBoy/portugal trip 2025/1-27-2025/11 AM/DJI_0965.MP4
2025-01-31 19:00:55,267 - WARNING - Large file found, processing: /Volumes/BigBoy/portugal trip 2025/1-27-2025/11 AM/DJI_0966.MP4
2025-01-31 19:01:04,626 - WARNING - Large file found, processing: /Volumes/BigBoy/portugal trip 2025/1-27-2025/11 AM/DJI_0967.MP4
2025-01-31 19:01:21,624 - WARNING - Large file found, processing: /Volumes/BigBoy/portugal trip 2025/1-27-2025/1 PM/DJI_0327.MP4
2025-01-31 19:01:29,104 - WARNING - Large file found, processing: /Volumes/BigBoy/portugal trip 2025/1-27-2025/1 PM/DJI_0332.MP4
2025-01-31 19:01:33,189 - WARNING - Large file found, processing: /Volumes/BigBoy/portugal trip 2025/1-27-2025/1 PM/DJI_0337.MP4
2025-01-31 19:01:36,643 - WARNING - Large file found, processing: /Volumes/BigBoy/portugal trip 2025/1-27-2025/1 PM/DJI_0341.MP4
2025-01-31 19:01:40,407 - WARNING - Large file found, processing: /Volumes/BigBoy/portugal trip 2025/1-27-2025/1 PM/DJI_0363.MP4
2025-01-31 19:01:47,815 - WARNING - Large file found, processing: /Volumes/BigBoy/portugal trip 2025/1-27-2025/1 PM/DJI_0364.MP4
2025-01-31 19:01:56,095 - WARNING - Large file found, processing: /Volumes/BigBoy/portugal trip 2025/1-27-2025/1 PM/DJI_0365.MP4
2025-01-31 19:02:04,290 - WARNING - Large file found, processing: /Volumes/BigBoy/portugal trip 2025/1-27-2025/1 PM/DJI_0369.MP4
2025-01-31 19:02:19,665 - WARNING - Large file found, processing: /Volumes/BigBoy/portugal trip 2025/1-27-2025/1 PM/DJI_0379.MP4
2025-01-31 19:02:31,036 - WARNING - Large file found, processing: /Volumes/BigBoy/portugal trip 2025/1-27-2025/1 PM/DJI_0391.MP4
2025-01-31 19:02:40,719 - WARNING - Large file found, processing: /Volumes/BigBoy/portugal trip 2025/1-27-2025/1 PM/DJI_0393.MP4
2025-01-31 19:02:44,730 - WARNING - Large file found, processing: /Volumes/BigBoy/portugal trip 2025/1-27-2025/1 PM/DJI_0416.MP4
2025-01-31 19:02:53,012 - WARNING - Large file found, processing: /Volumes/BigBoy/portugal trip 2025/1-27-2025/1 PM/DJI_0501.MP4
2025-01-31 19:03:04,041 - WARNING - Large file found, processing: /Volumes/BigBoy/portugal trip 2025/1-27-2025/1 PM/DJI_0512.MP4
2025-01-31 19:03:15,903 - WARNING - Large file found, processing: /Volumes/BigBoy/portugal trip 2025/1-27-2025/1 PM/DJI_0517.MP4
2025-01-31 19:03:24,126 - WARNING - Large file found, processing: /Volumes/BigBoy/portugal trip 2025/1-27-2025/1 PM/DJI_0541.MP4
2025-01-31 19:03:29,788 - WARNING - Large file found, processing: /Volumes/BigBoy/portugal trip 2025/1-27-2025/1 PM/DJI_0542.MP4
2025-01-31 19:03:32,483 - WARNING - Large file found, processing: /Volumes/BigBoy/portugal trip 2025/1-27-2025/1 PM/DJI_0543.MP4
2025-01-31 19:03:37,023 - WARNING - Large file found, processing: /Volumes/BigBoy/portugal trip 2025/1-27-2025/1 PM/DJI_0545.MP4
2025-01-31 19:03:44,796 - WARNING - Large file found, processing: /Volumes/BigBoy/portugal trip 2025/1-27-2025/1 PM/DJI_0546.MP4
2025-01-31 19:04:05,628 - WARNING - Large file found, processing: /Volumes/BigBoy/portugal trip 2025/1-18-2025/9 AM/DJI_0578.MP4
2025-01-31 19:04:19,014 - WARNING - Large file found, processing: /Volumes/BigBoy/portugal trip 2025/1-18-2025/12 PM/DJI_0649-1.MP4
2025-01-31 19:04:23,658 - WARNING - Large file found, processing: /Volumes/BigBoy/portugal trip 2025/1-18-2025/12 PM/DJI_0661-1.MP4
2025-01-31 19:04:45,303 - WARNING - Large file found, processing: /Volumes/BigBoy/portugal trip 2025/1-18-2025/12 PM/DJI_0668-1.MP4
2025-01-31 19:04:50,227 - WARNING - Large file found, processing: /Volumes/BigBoy/portugal trip 2025/1-18-2025/12 PM/DJI_0675-1-1.MP4
2025-01-31 19:04:54,498 - WARNING - Large file found, processing: /Volumes/BigBoy/portugal trip 2025/1-18-2025/12 PM/DJI_0676-1.MP4
2025-01-31 19:05:03,054 - WARNING - Large file found, processing: /Volumes/BigBoy/portugal trip 2025/1-18-2025/12 PM/DJI_0677-1.MP4
2025-01-31 19:05:24,507 - WARNING - Large file found, processing: /Volumes/BigBoy/portugal trip 2025/1-18-2025/12 PM/DJI_0710-1.MP4
2025-01-31 19:05:37,353 - WARNING - Large file found, processing: /Volumes/BigBoy/portugal trip 2025/1-18-2025/12 PM/DJI_0711-1.MP4
2025-01-31 19:05:58,511 - WARNING - Large file found, processing: /Volumes/BigBoy/portugal trip 2025/1-18-2025/12 PM/DJI_0712-1-1.MP4
2025-01-31 19:06:01,713 - WARNING - Large file found, processing: /Volumes/BigBoy/portugal trip 2025/1-18-2025/12 PM/DJI_0716-1.MP4
2025-01-31 19:06:05,133 - WARNING - Large file found, processing: /Volumes/BigBoy/portugal trip 2025/1-18-2025/12 PM/DJI_0717-1.MP4
2025-01-31 19:06:10,036 - WARNING - Large file found, processing: /Volumes/BigBoy/portugal trip 2025/1-18-2025/12 PM/DJI_0718-2.MP4
2025-01-31 19:06:25,094 - WARNING - Large file found, processing: /Volumes/BigBoy/portugal trip 2025/1-18-2025/6 AM/DJI_0688 3.MP4
2025-01-31 19:06:31,799 - WARNING - Large file found, processing: /Volumes/BigBoy/portugal trip 2025/1-18-2025/5 PM/DJI_0746-1.MP4
2025-01-31 19:06:52,174 - WARNING - Large file found, processing: /Volumes/BigBoy/portugal trip 2025/1-18-2025/5 PM/DJI_0724-1.MP4
2025-01-31 19:07:14,135 - WARNING - Large file found, processing: /Volumes/BigBoy/portugal trip 2025/1-18-2025/5 PM/DJI_0726-1.MP4
2025-01-31 19:07:21,861 - WARNING - Large file found, processing: /Volumes/BigBoy/portugal trip 2025/1-18-2025/5 PM/DJI_0727-1.MP4
2025-01-31 19:07:31,065 - WARNING - Large file found, processing: /Volumes/BigBoy/portugal trip 2025/1-18-2025/5 PM/DJI_0728-1.MP4
2025-01-31 19:07:41,627 - WARNING - Large file found, processing: /Volumes/BigBoy/portugal trip 2025/1-18-2025/5 PM/DJI_0745-1.MP4
2025-01-31 19:07:53,390 - WARNING - Large file found, processing: /Volumes/BigBoy/portugal trip 2025/1-18-2025/5 PM/DJI_0747-1.MP4
2025-01-31 19:07:57,566 - WARNING - Large file found, processing: /Volumes/BigBoy/portugal trip 2025/1-18-2025/5 PM/DJI_0760-2.MP4
2025-01-31 19:08:20,268 - WARNING - Large file found, processing: /Volumes/BigBoy/portugal trip 2025/1-18-2025/5 PM/DJI_0765-1.MP4
2025-01-31 19:08:35,506 - WARNING - Large file found, processing: /Volumes/BigBoy/portugal trip 2025/1-18-2025/5 PM/DJI_0766-1.MP4
2025-01-31 19:08:51,039 - WARNING - Large file found, processing: /Volumes/BigBoy/portugal trip 2025/1-18-2025/5 PM/DJI_0613-1.MP4
2025-01-31 19:09:01,693 - WARNING - Large file found, processing: /Volumes/BigBoy/portugal trip 2025/1-18-2025/5 PM/DJI_0617-1.MP4
2025-01-31 19:09:12,545 - WARNING - Large file found, processing: /Volumes/BigBoy/portugal trip 2025/1-18-2025/5 PM/DJI_0631-1.MP4
2025-01-31 19:09:24,851 - WARNING - Large file found, processing: /Volumes/BigBoy/portugal trip 2025/1-18-2025/5 PM/DJI_0638-1.MP4
2025-01-31 19:09:36,600 - WARNING - Large file found, processing: /Volumes/BigBoy/portugal trip 2025/1-18-2025/5 PM/DJI_0642-1.MP4
2025-01-31 19:09:48,322 - WARNING - Large file found, processing: /Volumes/BigBoy/portugal trip 2025/1-18-2025/10 AM/DJI_0579.MP4
2025-01-31 19:09:56,307 - WARNING - Large file found, processing: /Volumes/BigBoy/portugal trip 2025/1-18-2025/10 AM/DJI_0592.MP4
2025-01-31 19:10:02,932 - WARNING - Large file found, processing: /Volumes/BigBoy/portugal trip 2025/1-18-2025/10 AM/DJI_0594-3.MP4
2025-01-31 19:10:10,568 - WARNING - Large file found, processing: /Volumes/BigBoy/portugal trip 2025/1-18-2025/10 AM/DJI_0611-1.MP4
2025-01-31 19:10:24,273 - WARNING - Large file found, processing: /Volumes/BigBoy/portugal trip 2025/1-18-2025/10 AM/DJI_0610-2.MP4
2025-01-31 19:10:33,595 - WARNING - Large file found, processing: /Volumes/BigBoy/portugal trip 2025/1-19-2025/4 AM/DJI_0795 2.MP4
2025-01-31 19:10:59,327 - WARNING - Large file found, processing: /Volumes/BigBoy/portugal trip 2025/1-19-2025/4 PM/DJI_0786.MP4
2025-01-31 19:11:06,822 - WARNING - Large file found, processing: /Volumes/BigBoy/portugal trip 2025/1-19-2025/4 PM/DJI_0787.MP4
2025-01-31 19:11:26,079 - WARNING - Large file found, processing: /Volumes/BigBoy/portugal trip 2025/1-19-2025/4 PM/DJI_0788.MP4
2025-01-31 19:11:32,847 - WARNING - Large file found, processing: /Volumes/BigBoy/portugal trip 2025/1-19-2025/4 PM/DJI_0789.MP4
2025-01-31 19:11:56,273 - WARNING - Large file found, processing: /Volumes/BigBoy/portugal trip 2025/1-19-2025/4 PM/DJI_0791.MP4
2025-01-31 19:12:12,068 - WARNING - Large file found, processing: /Volumes/BigBoy/portugal trip 2025/1-19-2025/4 PM/DJI_0793.MP4
2025-01-31 19:12:23,786 - WARNING - Large file found, processing: /Volumes/BigBoy/portugal trip 2025/1-19-2025/4 PM/DJI_0773-1.MP4
2025-01-31 19:12:40,700 - WARNING - Large file found, processing: /Volumes/BigBoy/portugal trip 2025/1-19-2025/3 PM/DJI_0767-1.MP4
2025-01-31 19:12:47,292 - WARNING - Large file found, processing: /Volumes/BigBoy/portugal trip 2025/1-19-2025/3 PM/DJI_0769-2.MP4
2025-01-31 19:12:59,227 - WARNING - Large file found, processing: /Volumes/BigBoy/portugal trip 2025/1-19-2025/3 PM/DJI_0770-2.MP4
2025-01-31 19:13:21,017 - WARNING - Large file found, processing: /Volumes/BigBoy/portugal trip 2025/1-19-2025/3 PM/DJI_0771-2.MP4
2025-01-31 19:13:24,766 - WARNING - Large file found, processing: /Volumes/BigBoy/portugal trip 2025/1-19-2025/3 PM/DJI_0772-1.MP4
2025-01-31 19:14:09,258 - WARNING - Large file found, processing: /Volumes/BigBoy/portugal trip 2025/1-14-2025/10 PM/DJI_0136.MP4
2025-01-31 19:14:16,125 - WARNING - Large file found, processing: /Volumes/BigBoy/portugal trip 2025/1-14-2025/5 AM/DJI_0059.MP4
2025-01-31 19:14:19,920 - WARNING - Large file found, processing: /Volumes/BigBoy/portugal trip 2025/1-14-2025/5 AM/DJI_0060.MP4
2025-01-31 19:14:29,847 - WARNING - Large file found, processing: /Volumes/BigBoy/portugal trip 2025/1-14-2025/5 AM/DJI_0063.MP4
2025-01-31 19:14:34,795 - WARNING - Large file found, processing: /Volumes/BigBoy/portugal trip 2025/1-14-2025/5 AM/DJI_0086.MP4
2025-01-31 19:14:46,326 - WARNING - Large file found, processing: /Volumes/BigBoy/portugal trip 2025/1-14-2025/5 AM/DJI_0103.MP4
2025-01-31 19:14:56,016 - WARNING - Large file found, processing: /Volumes/BigBoy/portugal trip 2025/1-14-2025/5 AM/DJI_0104.MP4
2025-01-31 19:15:13,308 - WARNING - Large file found, processing: /Volumes/BigBoy/portugal trip 2025/1-12-2025/12 AM/DJI_0432.MP4
2025-01-31 19:15:23,497 - WARNING - Large file found, processing: /Volumes/BigBoy/portugal trip 2025/1-12-2025/12 AM/DJI_0440.MP4
2025-01-31 19:15:28,722 - WARNING - Large file found, processing: /Volumes/BigBoy/portugal trip 2025/1-12-2025/12 AM/DJI_0436.MP4
2025-01-31 19:15:34,002 - WARNING - Large file found, processing: /Volumes/BigBoy/portugal trip 2025/1-12-2025/12 AM/DJI_0437.MP4
2025-01-31 19:15:52,819 - WARNING - Large file found, processing: /Volumes/BigBoy/portugal trip 2025/1-12-2025/1 AM/DJI_0441.MP4
2025-01-31 19:15:59,836 - WARNING - Large file found, processing: /Volumes/BigBoy/portugal trip 2025/1-12-2025/1 AM/DJI_0442.MP4
2025-01-31 19:16:10,503 - WARNING - Large file found, processing: /Volumes/BigBoy/portugal trip 2025/1-12-2025/1 AM/DJI_0444.MP4
2025-01-31 19:17:16,262 - WARNING - Large file found, processing: /Volumes/BigBoy/portugal trip 2025/1-16-2025/10 PM/DJI_0653.MP4
2025-01-31 19:17:45,426 - WARNING - Large file found, processing: /Volumes/BigBoy/portugal trip 2025/1-17-2025/1 AM/DJI_0663.MP4
2025-01-31 19:17:53,300 - WARNING - Large file found, processing: /Volumes/BigBoy/portugal trip 2025/1-17-2025/1 AM/DJI_0697.MP4
2025-01-31 19:18:02,995 - WARNING - Large file found, processing: /Volumes/BigBoy/portugal trip 2025/1-17-2025/1 AM/DJI_0712-1.MP4
2025-01-31 19:18:14,828 - WARNING - Large file found, processing: /Volumes/BigBoy/portugal trip 2025/1-17-2025/2 AM/DJI_0714.MP4
2025-01-31 19:18:37,050 - WARNING - Large file found, processing: /Volumes/BigBoy/portugal trip 2025/1-17-2025/8 AM/DJI_0747-2.MP4
2025-01-31 19:18:46,572 - WARNING - Large file found, processing: /Volumes/BigBoy/portugal trip 2025/1-17-2025/8 AM/DJI_0758.MP4
2025-01-31 19:18:51,941 - WARNING - Large file found, processing: /Volumes/BigBoy/portugal trip 2025/1-17-2025/11 AM/DJI_0875.MP4
2025-01-31 19:19:18,938 - WARNING - Large file found, processing: /Volumes/BigBoy/portugal trip 2025/1-17-2025/10 AM/DJI_0824.MP4
2025-01-31 19:19:23,419 - WARNING - Large file found, processing: /Volumes/BigBoy/portugal trip 2025/1-17-2025/10 AM/DJI_0873.MP4
2025-01-31 19:19:37,313 - WARNING - Large file found, processing: /Volumes/BigBoy/portugal trip 2025/1-11-2025/11 AM/IMG_0348.MOV
2025-01-31 19:19:45,961 - WARNING - Large file found, processing: /Volumes/BigBoy/portugal trip 2025/1-11-2025/1 PM/DJI_0430.MP4
2025-01-31 19:19:51,014 - WARNING - Large file found, processing: /Volumes/BigBoy/portugal trip 2025/1-11-2025/1 PM/DJI_0431.MP4
2025-01-31 19:19:55,188 - WARNING - Large file found, processing: /Volumes/BigBoy/portugal trip 2025/1-11-2025/1 PM/DJI_0431-1.MP4
2025-01-31 19:27:42,924 - ERROR - Could not open video: /Volumes/BigBoy/portugal trip 2025/1-28-2025/1 AM/DJI_0677.MP4
2025-01-31 19:38:22,523 - ERROR - Could not open video: /Volumes/BigBoy/portugal trip 2025/1-27-2025/7 AM/DJI_0031-3.MP4
2025-01-31 19:40:27,496 - WARNING - No valid frames extracted from /Volumes/BigBoy/portugal trip 2025/1-27-2025/7 AM/DJI_0610.MP4
2025-01-31 19:44:26,716 - WARNING - No valid frames extracted from /Volumes/BigBoy/portugal trip 2025/1-27-2025/7 AM/DJI_0629.MP4
2025-01-31 19:45:28,648 - WARNING - No valid frames extracted from /Volumes/BigBoy/portugal trip 2025/1-27-2025/7 AM/DJI_0636.MP4
2025-01-31 19:47:31,851 - WARNING - No valid frames extracted from /Volumes/BigBoy/portugal trip 2025/1-27-2025/7 AM/DJI_0644.MP4
2025-01-31 19:48:06,394 - WARNING - No valid frames extracted from /Volumes/BigBoy/portugal trip 2025/1-27-2025/7 AM/DJI_0645.MP4
2025-01-31 19:49:38,278 - WARNING - No valid frames extracted from /Volumes/BigBoy/portugal trip 2025/1-27-2025/12 PM/DJI_0005.MP4
2025-01-31 19:50:39,530 - WARNING - No valid frames extracted from /Volumes/BigBoy/portugal trip 2025/1-27-2025/12 PM/DJI_0010.MP4
2025-01-31 19:51:09,465 - WARNING - No valid frames extracted from /Volumes/BigBoy/portugal trip 2025/1-27-2025/12 PM/DJI_0164.MP4
2025-01-31 19:52:21,836 - WARNING - No valid frames extracted from /Volumes/BigBoy/portugal trip 2025/1-27-2025/12 PM/DJI_0176.MP4
2025-01-31 19:52:29,175 - WARNING - No valid frames extracted from /Volumes/BigBoy/portugal trip 2025/1-27-2025/12 PM/DJI_0177.MP4
2025-01-31 19:54:10,839 - WARNING - No valid frames extracted from /Volumes/BigBoy/portugal trip 2025/1-27-2025/12 PM/DJI_0186.MP4
2025-01-31 19:55:24,295 - WARNING - No valid frames extracted from /Volumes/BigBoy/portugal trip 2025/1-27-2025/12 PM/DJI_0213.MP4
2025-01-31 19:56:45,675 - WARNING - No valid frames extracted from /Volumes/BigBoy/portugal trip 2025/1-27-2025/12 PM/DJI_0268.MP4
2025-01-31 20:01:07,270 - WARNING - No valid frames extracted from /Volumes/BigBoy/portugal trip 2025/1-27-2025/8 AM/DJI_0756.MP4
2025-01-31 20:01:49,427 - WARNING - No valid frames extracted from /Volumes/BigBoy/portugal trip 2025/1-27-2025/8 AM/DJI_0757.MP4
2025-01-31 20:03:25,506 - WARNING - No valid frames extracted from /Volumes/BigBoy/portugal trip 2025/1-27-2025/8 AM/DJI_0714-1.MP4
2025-01-31 20:07:04,602 - WARNING - No valid frames extracted from /Volumes/BigBoy/portugal trip 2025/1-27-2025/8 AM/DJI_0759.MP4
2025-01-31 20:07:29,753 - WARNING - No valid frames extracted from /Volumes/BigBoy/portugal trip 2025/1-27-2025/8 AM/DJI_0761-1.MP4
2025-01-31 20:07:47,807 - WARNING - No valid frames extracted from /Volumes/BigBoy/portugal trip 2025/1-27-2025/8 AM/DJI_0760-1.MP4
2025-01-31 20:08:02,943 - WARNING - No valid frames extracted from /Volumes/BigBoy/portugal trip 2025/1-27-2025/8 AM/DJI_0763.MP4
2025-01-31 20:08:03,006 - WARNING - No valid frames extracted from /Volumes/BigBoy/portugal trip 2025/1-27-2025/8 AM/DJI_0769-1.MP4
2025-01-31 20:18:41,498 - WARNING - No valid frames extracted from /Volumes/BigBoy/portugal trip 2025/1-27-2025/9 AM/DJI_0897.MP4
2025-01-31 20:19:13,898 - WARNING - No valid frames extracted from /Volumes/BigBoy/portugal trip 2025/1-27-2025/9 AM/DJI_0771-1.MP4
2025-01-31 20:26:15,430 - WARNING - No valid frames extracted from /Volumes/BigBoy/portugal trip 2025/1-27-2025/10 AM/DJI_0580.MP4
2025-01-31 20:26:15,746 - ERROR - Could not open video: /Volumes/BigBoy/portugal trip 2025/1-27-2025/10 AM/DJI_0594.MP4
2025-01-31 20:26:15,761 - ERROR - Could not open video: /Volumes/BigBoy/portugal trip 2025/1-27-2025/10 AM/DJI_0594-1.MP4
2025-01-31 20:26:15,786 - ERROR - Could not open video: /Volumes/BigBoy/portugal trip 2025/1-27-2025/10 AM/DJI_0910.MP4
2025-01-31 20:26:58,300 - WARNING - No valid frames extracted from /Volumes/BigBoy/portugal trip 2025/1-27-2025/10 AM/DJI_0910-1.MP4
2025-01-31 20:28:14,020 - WARNING - No valid frames extracted from /Volumes/BigBoy/portugal trip 2025/1-27-2025/10 AM/DJI_0918-3.MP4
2025-01-31 20:28:57,116 - WARNING - No valid frames extracted from /Volumes/BigBoy/portugal trip 2025/1-27-2025/10 AM/DJI_0921.MP4
2025-01-31 20:34:57,849 - WARNING - No valid frames extracted from /Volumes/BigBoy/portugal trip 2025/1-27-2025/11 AM/DJI_0960.MP4
2025-01-31 20:38:37,958 - WARNING - No valid frames extracted from /Volumes/BigBoy/portugal trip 2025/1-27-2025/1 PM/DJI_0280.MP4
2025-01-31 20:39:01,073 - WARNING - No valid frames extracted from /Volumes/BigBoy/portugal trip 2025/1-27-2025/1 PM/DJI_0297.MP4
2025-01-31 20:39:14,156 - WARNING - No valid frames extracted from /Volumes/BigBoy/portugal trip 2025/1-27-2025/1 PM/DJI_0281.MP4
2025-01-31 20:39:22,482 - WARNING - No valid frames extracted from /Volumes/BigBoy/portugal trip 2025/1-27-2025/1 PM/DJI_0286.MP4
2025-01-31 20:39:39,745 - WARNING - No valid frames extracted from /Volumes/BigBoy/portugal trip 2025/1-27-2025/1 PM/DJI_0328.MP4
2025-01-31 20:39:49,628 - WARNING - No valid frames extracted from /Volumes/BigBoy/portugal trip 2025/1-27-2025/1 PM/DJI_0329.MP4
2025-01-31 20:47:04,817 - WARNING - No valid frames extracted from /Volumes/BigBoy/portugal trip 2025/1-27-2025/1 PM/DJI_0394.MP4
2025-01-31 20:48:11,203 - WARNING - No valid frames extracted from /Volumes/BigBoy/portugal trip 2025/1-27-2025/1 PM/DJI_0502.MP4
2025-01-31 20:51:10,518 - WARNING - No valid frames extracted from /Volumes/BigBoy/portugal trip 2025/1-27-2025/1 PM/DJI_0539.MP4
2025-01-31 20:51:41,063 - WARNING - No valid frames extracted from /Volumes/BigBoy/portugal trip 2025/1-27-2025/1 PM/DJI_0540.MP4
2025-01-31 20:52:53,582 - WARNING - No valid frames extracted from /Volumes/BigBoy/portugal trip 2025/1-18-2025/11 AM/DJI_0639-1-1.MP4
2025-01-31 20:53:53,576 - WARNING - No valid frames extracted from /Volumes/BigBoy/portugal trip 2025/1-18-2025/5 AM/IMG_2946 3.MOV
2025-01-31 20:54:41,425 - WARNING - No valid frames extracted from /Volumes/BigBoy/portugal trip 2025/1-18-2025/5 AM/IMG_2952 3.MOV
2025-01-31 20:55:07,210 - WARNING - No valid frames extracted from /Volumes/BigBoy/portugal trip 2025/1-18-2025/12 PM/DJI_0650-1.MP4
2025-01-31 20:58:29,130 - WARNING - No valid frames extracted from /Volumes/BigBoy/portugal trip 2025/1-18-2025/12 PM/DJI_0678-1.MP4
2025-01-31 20:58:33,026 - WARNING - No valid frames extracted from /Volumes/BigBoy/portugal trip 2025/1-18-2025/12 PM/DJI_0679.MP4
2025-01-31 21:05:04,783 - WARNING - No valid frames extracted from /Volumes/BigBoy/portugal trip 2025/1-18-2025/12 PM/DJI_0722-1.MP4
2025-01-31 21:06:26,775 - WARNING - No valid frames extracted from /Volumes/BigBoy/portugal trip 2025/1-18-2025/6 AM/IMG_2979 3.MOV
2025-01-31 21:08:34,794 - WARNING - No valid frames extracted from /Volumes/BigBoy/portugal trip 2025/1-18-2025/5 PM/DJI_0725.MP4
2025-01-31 21:15:53,289 - WARNING - No valid frames extracted from /Volumes/BigBoy/portugal trip 2025/1-18-2025/5 PM/DJI_0761-2.MP4
2025-01-31 21:23:34,265 - WARNING - No valid frames extracted from /Volumes/BigBoy/portugal trip 2025/1-18-2025/5 PM/DJI_0640-1.MP4
2025-01-31 21:26:36,777 - WARNING - No valid frames extracted from /Volumes/BigBoy/portugal trip 2025/1-18-2025/10 AM/DJI_0581.MP4
2025-01-31 21:27:11,585 - WARNING - No valid frames extracted from /Volumes/BigBoy/portugal trip 2025/1-18-2025/10 AM/DJI_0582.MP4
2025-01-31 21:29:38,186 - WARNING - No valid frames extracted from /Volumes/BigBoy/portugal trip 2025/1-18-2025/4 AM/IMG_2904 3.MOV
2025-01-31 21:30:02,102 - WARNING - No valid frames extracted from /Volumes/BigBoy/portugal trip 2025/1-18-2025/4 AM/IMG_2906 3.MOV
2025-01-31 21:30:02,787 - ERROR - Could not open video: /Volumes/BigBoy/portugal trip 2025/1-19-2025/4 AM/DJI_0796 2.MP4
2025-01-31 21:33:52,906 - WARNING - No valid frames extracted from /Volumes/BigBoy/portugal trip 2025/1-19-2025/4 PM/DJI_0790.MP4
2025-01-31 21:45:50,354 - WARNING - No valid frames extracted from /Volumes/BigBoy/portugal trip 2025/1-14-2025/9 PM/DJI_0108.MP4
2025-01-31 21:46:01,324 - WARNING - No valid frames extracted from /Volumes/BigBoy/portugal trip 2025/1-14-2025/9 PM/DJI_0109.MP4
2025-01-31 21:49:52,262 - WARNING - No valid frames extracted from /Volumes/BigBoy/portugal trip 2025/1-14-2025/5 AM/DJI_0085.MP4
2025-01-31 21:51:43,773 - WARNING - No valid frames extracted from /Volumes/BigBoy/portugal trip 2025/1-22-2025/11 AM/IMG_4008.MOV
2025-01-31 21:51:45,824 - WARNING - No valid frames extracted from /Volumes/BigBoy/portugal trip 2025/1-22-2025/11 AM/IMG_4045.MOV
2025-01-31 21:51:51,189 - WARNING - No valid frames extracted from /Volumes/BigBoy/portugal trip 2025/1-22-2025/11 AM/IMG_4067.MOV
2025-01-31 21:51:58,512 - WARNING - No valid frames extracted from /Volumes/BigBoy/portugal trip 2025/1-22-2025/11 AM/IMG_4061.MOV
2025-01-31 21:52:05,564 - WARNING - No valid frames extracted from /Volumes/BigBoy/portugal trip 2025/1-22-2025/11 AM/IMG_4004.MOV
2025-01-31 21:52:07,856 - WARNING - No valid frames extracted from /Volumes/BigBoy/portugal trip 2025/1-22-2025/11 AM/IMG_4002.MOV
2025-01-31 21:52:13,216 - WARNING - No valid frames extracted from /Volumes/BigBoy/portugal trip 2025/1-22-2025/11 AM/IMG_4003.MOV
2025-01-31 21:52:30,746 - WARNING - No valid frames extracted from /Volumes/BigBoy/portugal trip 2025/1-22-2025/11 AM/IMG_4058.MOV
2025-01-31 21:52:38,881 - WARNING - No valid frames extracted from /Volumes/BigBoy/portugal trip 2025/1-22-2025/10 AM/IMG_3969.MOV
2025-01-31 21:52:44,835 - WARNING - No valid frames extracted from /Volumes/BigBoy/portugal trip 2025/1-22-2025/10 AM/IMG_3970.MOV
2025-01-31 21:52:46,285 - WARNING - No valid frames extracted from /Volumes/BigBoy/portugal trip 2025/1-22-2025/10 AM/IMG_3975.MOV
2025-01-31 21:53:00,890 - WARNING - No valid frames extracted from /Volumes/BigBoy/portugal trip 2025/1-22-2025/12 PM/IMG_4071.MOV
2025-01-31 21:53:11,431 - WARNING - No valid frames extracted from /Volumes/BigBoy/portugal trip 2025/1-23-2025/12 PM/IMG_4093.MOV
2025-01-31 21:53:39,433 - WARNING - No valid frames extracted from /Volumes/BigBoy/portugal trip 2025/1-23-2025/4 AM/IMG_4080.MOV
2025-01-31 21:58:25,819 - WARNING - No valid frames extracted from /Volumes/BigBoy/portugal trip 2025/1-12-2025/12 AM/dji_fly_20250112_062312_432_1736665589518_video_cache.mov
2025-01-31 21:58:43,532 - WARNING - No valid frames extracted from /Volumes/BigBoy/portugal trip 2025/1-12-2025/12 AM/dji_fly_20250112_062312_432_1736665589518_video_cache-1.mov
2025-01-31 21:59:17,326 - WARNING - No valid frames extracted from /Volumes/BigBoy/portugal trip 2025/1-12-2025/1 AM/IMG_0387.MOV
2025-01-31 22:01:32,552 - WARNING - No valid frames extracted from /Volumes/BigBoy/portugal trip 2025/1-12-2025/1 AM/DJI_0445.MP4
2025-01-31 22:01:49,715 - WARNING - No valid frames extracted from /Volumes/BigBoy/portugal trip 2025/1-12-2025/1 AM/IMG_0388.MOV
2025-01-31 22:02:33,517 - WARNING - No valid frames extracted from /Volumes/BigBoy/portugal trip 2025/1-12-2025/1 AM/IMG_0387-1.MOV
2025-01-31 22:02:43,163 - WARNING - No valid frames extracted from /Volumes/BigBoy/portugal trip 2025/1-12-2025/1 AM/IMG_0388-1.MOV
2025-01-31 22:03:29,324 - WARNING - No valid frames extracted from /Volumes/BigBoy/portugal trip 2025/1-12-2025/1 AM/DJI_0445-1.MP4
2025-01-31 22:03:35,830 - WARNING - No valid frames extracted from /Volumes/BigBoy/portugal trip 2025/1-12-2025/1 AM/DJI_0455.MP4
2025-01-31 22:05:44,577 - WARNING - No valid frames extracted from /Volumes/BigBoy/portugal trip 2025/1-12-2025/1 AM/IMG_0387-2.MOV
2025-01-31 22:06:01,087 - WARNING - No valid frames extracted from /Volumes/BigBoy/portugal trip 2025/1-12-2025/1 AM/IMG_0388-2.MOV
2025-01-31 22:06:29,136 - WARNING - No valid frames extracted from /Volumes/BigBoy/portugal trip 2025/1-12-2025/1 AM/DJI_0455-1.MP4
2025-01-31 22:06:37,509 - WARNING - No valid frames extracted from /Volumes/BigBoy/portugal trip 2025/1-12-2025/1 AM/DJI_0445-2.MP4
2025-01-31 22:06:44,048 - WARNING - No valid frames extracted from /Volumes/BigBoy/portugal trip 2025/1-12-2025/3 AM/DJI_0462.MP4
2025-01-31 22:06:50,740 - WARNING - No valid frames extracted from /Volumes/BigBoy/portugal trip 2025/1-12-2025/3 AM/DJI_0463.MP4
2025-01-31 22:06:59,450 - WARNING - No valid frames extracted from /Volumes/BigBoy/portugal trip 2025/1-12-2025/3 AM/DJI_0464.MP4
2025-01-31 22:07:06,677 - WARNING - No valid frames extracted from /Volumes/BigBoy/portugal trip 2025/1-12-2025/3 AM/DJI_0465.MP4
2025-01-31 22:07:08,719 - WARNING - No valid frames extracted from /Volumes/BigBoy/portugal trip 2025/1-12-2025/3 AM/IMG_0409.MOV
2025-01-31 22:07:11,633 - WARNING - No valid frames extracted from /Volumes/BigBoy/portugal trip 2025/1-12-2025/3 AM/DJI_0466.MP4
2025-01-31 22:07:16,365 - WARNING - No valid frames extracted from /Volumes/BigBoy/portugal trip 2025/1-12-2025/3 AM/IMG_0421.MOV
2025-01-31 22:07:25,685 - WARNING - No valid frames extracted from /Volumes/BigBoy/portugal trip 2025/1-12-2025/3 AM/DJI_0467.MP4
2025-01-31 22:08:44,248 - WARNING - No valid frames extracted from /Volumes/BigBoy/portugal trip 2025/1-12-2025/3 AM/DJI_0477.MP4
2025-01-31 22:09:11,698 - WARNING - No valid frames extracted from /Volumes/BigBoy/portugal trip 2025/1-12-2025/3 AM/DJI_0487.MP4
2025-01-31 22:09:41,178 - WARNING - No valid frames extracted from /Volumes/BigBoy/portugal trip 2025/1-12-2025/3 AM/IMG_0409-1.MOV
2025-01-31 22:09:51,264 - WARNING - No valid frames extracted from /Volumes/BigBoy/portugal trip 2025/1-12-2025/3 AM/DJI_0489.MP4
2025-01-31 22:09:55,359 - WARNING - No valid frames extracted from /Volumes/BigBoy/portugal trip 2025/1-12-2025/3 AM/IMG_0421-1.MOV
2025-01-31 22:10:00,342 - WARNING - No valid frames extracted from /Volumes/BigBoy/portugal trip 2025/1-12-2025/3 AM/DJI_0467-1.MP4
2025-01-31 22:10:32,436 - WARNING - No valid frames extracted from /Volumes/BigBoy/portugal trip 2025/1-12-2025/6 AM/DJI_0527.MP4
2025-01-31 22:10:34,726 - WARNING - No valid frames extracted from /Volumes/BigBoy/portugal trip 2025/1-12-2025/6 AM/IMG_0518.MOV
2025-01-31 22:10:38,117 - WARNING - No valid frames extracted from /Volumes/BigBoy/portugal trip 2025/1-12-2025/6 AM/IMG_0517.MOV
2025-01-31 22:10:41,560 - WARNING - No valid frames extracted from /Volumes/BigBoy/portugal trip 2025/1-12-2025/6 AM/IMG_0519.MOV
2025-01-31 22:10:51,842 - WARNING - No valid frames extracted from /Volumes/BigBoy/portugal trip 2025/1-12-2025/6 AM/DJI_0531.MP4
2025-01-31 22:10:57,076 - WARNING - No valid frames extracted from /Volumes/BigBoy/portugal trip 2025/1-12-2025/6 AM/DJI_0532.MP4
2025-01-31 22:12:06,883 - WARNING - No valid frames extracted from /Volumes/BigBoy/portugal trip 2025/1-12-2025/7 AM/IMG_0530.MOV
2025-01-31 22:12:08,440 - WARNING - No valid frames extracted from /Volumes/BigBoy/portugal trip 2025/1-12-2025/7 AM/IMG_0564.MOV
2025-01-31 22:12:12,530 - WARNING - No valid frames extracted from /Volumes/BigBoy/portugal trip 2025/1-12-2025/7 AM/IMG_0568.MOV
2025-01-31 22:12:15,154 - WARNING - No valid frames extracted from /Volumes/BigBoy/portugal trip 2025/1-12-2025/8 AM/IMG_0580.MOV
2025-01-31 22:12:17,859 - WARNING - No valid frames extracted from /Volumes/BigBoy/portugal trip 2025/1-16-2025/10 PM/DJI_0652.MP4
2025-01-31 22:12:29,019 - WARNING - No valid frames extracted from /Volumes/BigBoy/portugal trip 2025/1-16-2025/2 PM/DJI_0580-1.MP4
2025-01-31 22:13:09,318 - WARNING - No valid frames extracted from /Volumes/BigBoy/portugal trip 2025/1-17-2025/1 AM/DJI_0675-1.MP4
2025-01-31 22:13:36,477 - WARNING - No valid frames extracted from /Volumes/BigBoy/portugal trip 2025/1-17-2025/1 AM/DJI_0678.MP4
2025-01-31 22:14:08,146 - WARNING - No valid frames extracted from /Volumes/BigBoy/portugal trip 2025/1-17-2025/1 AM/DJI_0698.MP4
2025-01-31 22:14:14,866 - WARNING - No valid frames extracted from /Volumes/BigBoy/portugal trip 2025/1-17-2025/1 AM/DJI_0699.MP4
2025-01-31 22:15:15,742 - ERROR - Could not open video: /Volumes/BigBoy/portugal trip 2025/1-17-2025/6 PM/DJI_0552.MP4
2025-01-31 22:16:39,798 - WARNING - No valid frames extracted from /Volumes/BigBoy/portugal trip 2025/1-17-2025/11 AM/DJI_0874.MP4
2025-01-31 22:17:49,452 - WARNING - No valid frames extracted from /Volumes/BigBoy/portugal trip 2025/1-17-2025/11 AM/DJI_0909.MP4
2025-01-31 22:18:00,412 - WARNING - No valid frames extracted from /Volumes/BigBoy/portugal trip 2025/1-17-2025/9 AM/DJI_0467.MP4
2025-01-31 22:18:10,867 - WARNING - No valid frames extracted from /Volumes/BigBoy/portugal trip 2025/1-17-2025/9 AM/DJI_0470.MP4
2025-01-31 22:18:11,282 - WARNING - No valid frames extracted from /Volumes/BigBoy/portugal trip 2025/1-17-2025/9 AM/DJI_0468.MP4
2025-01-31 22:18:16,320 - WARNING - No valid frames extracted from /Volumes/BigBoy/portugal trip 2025/1-17-2025/9 AM/DJI_0471.MP4
2025-01-31 22:18:23,828 - WARNING - No valid frames extracted from /Volumes/BigBoy/portugal trip 2025/1-17-2025/9 AM/DJI_0469.MP4
2025-01-31 22:18:29,564 - WARNING - No valid frames extracted from /Volumes/BigBoy/portugal trip 2025/1-17-2025/9 AM/DJI_0478.MP4
2025-01-31 22:18:36,314 - WARNING - No valid frames extracted from /Volumes/BigBoy/portugal trip 2025/1-17-2025/9 AM/DJI_0480.MP4
2025-01-31 22:18:41,302 - WARNING - No valid frames extracted from /Volumes/BigBoy/portugal trip 2025/1-17-2025/9 AM/DJI_0479.MP4
2025-01-31 22:18:49,179 - WARNING - No valid frames extracted from /Volumes/BigBoy/portugal trip 2025/1-17-2025/9 AM/DJI_0482.MP4
2025-01-31 22:18:51,966 - WARNING - No valid frames extracted from /Volumes/BigBoy/portugal trip 2025/1-17-2025/9 AM/DJI_0481.MP4
2025-01-31 22:18:55,404 - WARNING - No valid frames extracted from /Volumes/BigBoy/portugal trip 2025/1-17-2025/9 AM/DJI_0484.MP4
2025-01-31 22:18:57,170 - WARNING - No valid frames extracted from /Volumes/BigBoy/portugal trip 2025/1-17-2025/9 AM/DJI_0485.MP4
2025-01-31 22:19:04,779 - WARNING - No valid frames extracted from /Volumes/BigBoy/portugal trip 2025/1-17-2025/9 AM/DJI_0483.MP4
2025-01-31 22:19:13,638 - WARNING - No valid frames extracted from /Volumes/BigBoy/portugal trip 2025/1-17-2025/10 AM/DJI_0808.MP4
2025-01-31 22:19:47,858 - WARNING - No valid frames extracted from /Volumes/BigBoy/portugal trip 2025/1-11-2025/1 AM/IMG_0137.MOV
2025-01-31 22:19:55,010 - WARNING - No valid frames extracted from /Volumes/BigBoy/portugal trip 2025/1-17-2025/10 AM/DJI_0813.MP4
2025-01-31 22:19:58,912 - WARNING - No valid frames extracted from /Volumes/BigBoy/portugal trip 2025/1-11-2025/1 AM/IMG_0134.MOV
2025-01-31 22:20:08,894 - WARNING - No valid frames extracted from /Volumes/BigBoy/portugal trip 2025/1-11-2025/1 AM/IMG_0182.MOV
2025-01-31 22:20:14,963 - WARNING - No valid frames extracted from /Volumes/BigBoy/portugal trip 2025/1-11-2025/1 AM/IMG_0157.MOV
2025-01-31 22:20:15,062 - WARNING - No valid frames extracted from /Volumes/BigBoy/portugal trip 2025/1-11-2025/1 AM/IMG_0168.MOV
2025-01-31 22:20:22,894 - WARNING - No valid frames extracted from /Volumes/BigBoy/portugal trip 2025/1-11-2025/1 AM/IMG_0146.MOV
2025-01-31 22:20:24,136 - WARNING - No valid frames extracted from /Volumes/BigBoy/portugal trip 2025/1-11-2025/1 AM/IMG_0147.MOV
2025-01-31 22:20:31,396 - WARNING - No valid frames extracted from /Volumes/BigBoy/portugal trip 2025/1-11-2025/1 AM/IMG_0150.MOV
2025-01-31 22:20:35,280 - WARNING - No valid frames extracted from /Volumes/BigBoy/portugal trip 2025/1-11-2025/1 AM/IMG_0147-1.MOV
2025-01-31 22:20:37,776 - WARNING - No valid frames extracted from /Volumes/BigBoy/portugal trip 2025/1-11-2025/1 AM/IMG_0157-1.MOV
2025-01-31 22:20:39,185 - WARNING - No valid frames extracted from /Volumes/BigBoy/portugal trip 2025/1-11-2025/1 AM/IMG_0150-1.MOV
2025-01-31 22:20:39,582 - WARNING - No valid frames extracted from /Volumes/BigBoy/portugal trip 2025/1-11-2025/1 AM/IMG_0162.MOV
2025-01-31 22:20:45,315 - WARNING - No valid frames extracted from /Volumes/BigBoy/portugal trip 2025/1-11-2025/1 AM/IMG_0162-1.MOV
2025-01-31 22:20:46,196 - WARNING - No valid frames extracted from /Volumes/BigBoy/portugal trip 2025/1-11-2025/1 AM/IMG_0168-1.MOV
2025-01-31 22:20:49,078 - WARNING - No valid frames extracted from /Volumes/BigBoy/portugal trip 2025/1-11-2025/1 AM/IMG_0182-1.MOV
2025-01-31 22:20:56,641 - WARNING - No valid frames extracted from /Volumes/BigBoy/portugal trip 2025/1-11-2025/5 AM/IMG_0287.MOV
2025-01-31 22:20:59,574 - WARNING - No valid frames extracted from /Volumes/BigBoy/portugal trip 2025/1-11-2025/5 AM/IMG_0236.MOV
2025-01-31 22:21:16,716 - WARNING - No valid frames extracted from /Volumes/BigBoy/portugal trip 2025/1-11-2025/5 AM/IMG_0277.MOV
2025-01-31 22:21:17,527 - WARNING - No valid frames extracted from /Volumes/BigBoy/portugal trip 2025/1-11-2025/5 AM/IMG_0236-1.MOV
2025-01-31 22:21:22,034 - WARNING - No valid frames extracted from /Volumes/BigBoy/portugal trip 2025/1-11-2025/5 AM/IMG_0277-1.MOV
2025-01-31 22:21:24,639 - WARNING - No valid frames extracted from /Volumes/BigBoy/portugal trip 2025/1-11-2025/5 AM/IMG_0287-1.MOV
2025-01-31 22:21:50,026 - WARNING - No valid frames extracted from /Volumes/BigBoy/portugal trip 2025/1-11-2025/6 AM/IMG_0320.MOV
2025-01-31 22:22:06,938 - WARNING - No valid frames extracted from /Volumes/BigBoy/portugal trip 2025/1-11-2025/6 AM/IMG_0319.MOV
2025-01-31 22:22:10,871 - WARNING - No valid frames extracted from /Volumes/BigBoy/portugal trip 2025/1-11-2025/6 AM/IMG_0319-1.MOV
2025-01-31 22:22:16,163 - WARNING - No valid frames extracted from /Volumes/BigBoy/portugal trip 2025/1-11-2025/6 AM/IMG_0320-1.MOV
2025-01-31 22:22:25,479 - WARNING - No valid frames extracted from /Volumes/BigBoy/portugal trip 2025/1-11-2025/6 AM/IMG_0324.MOV
2025-01-31 22:22:31,109 - WARNING - No valid frames extracted from /Volumes/BigBoy/portugal trip 2025/1-11-2025/6 AM/IMG_0324-2.MOV
2025-01-31 22:22:32,506 - WARNING - No valid frames extracted from /Volumes/BigBoy/portugal trip 2025/1-11-2025/3 AM/IMG_0188.MOV
2025-01-31 22:22:33,150 - WARNING - No valid frames extracted from /Volumes/BigBoy/portugal trip 2025/1-11-2025/3 AM/IMG_0188-1.MOV
2025-01-31 22:22:39,734 - WARNING - No valid frames extracted from /Volumes/BigBoy/portugal trip 2025/1-11-2025/4 AM/IMG_0226.mov
2025-01-31 22:22:40,597 - WARNING - No valid frames extracted from /Volumes/BigBoy/portugal trip 2025/1-11-2025/4 AM/IMG_0225.mov
2025-01-31 22:22:41,581 - WARNING - No valid frames extracted from /Volumes/BigBoy/portugal trip 2025/1-11-2025/4 AM/IMG_0223.MOV
2025-01-31 22:22:41,993 - WARNING - No valid frames extracted from /Volumes/BigBoy/portugal trip 2025/1-11-2025/4 AM/IMG_0223-1.MOV
2025-01-31 22:22:42,728 - WARNING - No valid frames extracted from /Volumes/BigBoy/portugal trip 2025/1-11-2025/4 AM/IMG_0225-1.MOV
2025-01-31 22:22:42,911 - WARNING - No valid frames extracted from /Volumes/BigBoy/portugal trip 2025/1-11-2025/4 AM/IMG_0226-1.MOV
2025-01-31 22:22:48,412 - WARNING - No valid frames extracted from /Volumes/BigBoy/portugal trip 2025/1-11-2025/7 AM/IMG_0326-2.MOV
2025-01-31 22:23:04,646 - WARNING - No valid frames extracted from /Volumes/BigBoy/portugal trip 2025/1-11-2025/12 AM/IMG_0126.MOV
2025-01-31 22:23:12,964 - WARNING - No valid frames extracted from /Volumes/BigBoy/portugal trip 2025/1-11-2025/12 AM/IMG_0127.MOV
2025-01-31 22:23:12,994 - WARNING - No valid frames extracted from /Volumes/BigBoy/portugal trip 2025/1-11-2025/7 AM/IMG_0326.MOV
2025-01-31 22:23:13,619 - WARNING - No valid frames extracted from /Volumes/BigBoy/portugal trip 2025/1-11-2025/12 AM/IMG_0125.MOV
2025-01-31 22:23:15,055 - WARNING - No valid frames extracted from /Volumes/BigBoy/portugal trip 2025/1-11-2025/12 AM/IMG_0128.MOV
2025-01-31 22:23:20,311 - WARNING - No valid frames extracted from /Volumes/BigBoy/portugal trip 2025/1-11-2025/11 AM/IMG_0358.MOV
2025-01-31 22:23:33,494 - WARNING - No valid frames extracted from /Volumes/BigBoy/portugal trip 2025/1-11-2025/11 AM/IMG_0357.MOV
2025-01-31 22:23:36,803 - WARNING - No valid frames extracted from /Volumes/BigBoy/portugal trip 2025/1-11-2025/11 AM/IMG_0358-1.MOV
2025-01-31 22:23:42,438 - WARNING - No valid frames extracted from /Volumes/BigBoy/portugal trip 2025/1-11-2025/11 AM/IMG_0357-1.MOV
2025-01-31 22:23:47,574 - WARNING - No valid frames extracted from /Volumes/BigBoy/portugal trip 2025/1-11-2025/11 AM/IMG_0357-2.MOV
2025-01-31 22:23:49,457 - WARNING - No valid frames extracted from /Volumes/BigBoy/portugal trip 2025/1-11-2025/11 AM/IMG_0358-2.MOV
2025-01-31 22:26:52,261 - WARNING - No valid frames extracted from /Volumes/BigBoy/portugal trip 2025/1-11-2025/10 AM/DJI_0429.MP4
2025-01-31 22:27:11,173 - WARNING - No valid frames extracted from /Volumes/BigBoy/portugal trip 2025/1-11-2025/10 AM/DJI_0429-1.MP4
2025-01-31 22:28:36,997 - WARNING - No valid frames extracted from /Volumes/BigBoy/portugal trip 2025/1-10-2025/3 PM/IMG_0043.MOV
2025-01-31 22:28:46,953 - WARNING - No valid frames extracted from /Volumes/BigBoy/portugal trip 2025/1-10-2025/3 PM/IMG_0040.MOV
2025-01-31 22:29:12,164 - WARNING - No valid frames extracted from /Volumes/BigBoy/portugal trip 2025/1-10-2025/3 PM/IMG_0058.MOV
2025-01-31 22:29:18,028 - WARNING - No valid frames extracted from /Volumes/BigBoy/portugal trip 2025/1-10-2025/1 PM/IMG_0021.MOV
2025-01-31 22:29:24,800 - WARNING - No valid frames extracted from /Volumes/BigBoy/portugal trip 2025/1-10-2025/1 PM/IMG_0022.mov
2025-01-31 22:29:36,534 - WARNING - No valid frames extracted from /Volumes/BigBoy/portugal trip 2025/1-10-2025/1 PM/IMG_0023.mov
2025-01-31 22:29:43,753 - WARNING - No valid frames extracted from /Volumes/BigBoy/portugal trip 2025/1-10-2025/1 PM/IMG_0037.mov
2025-01-31 22:30:24,943 - WARNING - No valid frames extracted from /Volumes/BigBoy/portugal trip 2025/1-10-2025/9 PM/IMG_0124.MOV
2025-01-31 22:30:27,177 - WARNING - No valid frames extracted from /Volumes/BigBoy/portugal trip 2025/1-13-2025/11 AM/DJI_0919.MP4
2025-01-31 22:30:28,886 - WARNING - No valid frames extracted from /Volumes/BigBoy/portugal trip 2025/1-13-2025/11 AM/DJI_0930.MP4
2025-01-31 22:30:46,649 - WARNING - No valid frames extracted from /Volumes/BigBoy/portugal trip 2025/1-13-2025/11 AM/DJI_0989.MP4
2025-01-31 22:30:53,217 - WARNING - No valid frames extracted from /Volumes/BigBoy/portugal trip 2025/1-13-2025/3 PM/DJI_0115.MP4
